SF:/Users/anjolaoluwaakindipe/Code/projects/csharp/Learning/src/Vensy.Application/DependencyInjection.cs
FN:11,Microsoft.Extensions.DependencyInjection.IServiceCollection Vensy.Application.DependencyInjection::AddApplication(Microsoft.Extensions.DependencyInjection.IServiceCollection)
FNDA:0,Microsoft.Extensions.DependencyInjection.IServiceCollection Vensy.Application.DependencyInjection::AddApplication(Microsoft.Extensions.DependencyInjection.IServiceCollection)
DA:12,0
DA:13,0
DA:14,0
DA:15,0
DA:16,0
DA:17,0
DA:18,0
LF:7
LH:0
BRF:0
BRH:0
FNF:1
FNH:0
end_of_record
SF:/Users/anjolaoluwaakindipe/Code/projects/csharp/Learning/src/Vensy.Application/Common/Error/ConflictError.cs
FN:8,System.Void Vensy.Application.Common.Error.ConflictError::.ctor(System.String)
FNDA:0,System.Void Vensy.Application.Common.Error.ConflictError::.ctor(System.String)
DA:9,0
DA:10,0
DA:11,0
LF:3
LH:0
BRF:0
BRH:0
FNF:1
FNH:0
end_of_record
SF:/Users/anjolaoluwaakindipe/Code/projects/csharp/Learning/src/Vensy.Application/Common/Error/InternalServerError.cs
FN:8,System.Void Vensy.Application.Common.Error.InternalServerError::.ctor(System.String,System.Exception)
FNDA:0,System.Void Vensy.Application.Common.Error.InternalServerError::.ctor(System.String,System.Exception)
DA:9,0
DA:10,0
DA:11,0
FN:12,System.Void Vensy.Application.Common.Error.InternalServerError::.ctor(System.String)
FNDA:0,System.Void Vensy.Application.Common.Error.InternalServerError::.ctor(System.String)
DA:13,0
DA:14,0
DA:15,0
LF:6
LH:0
BRF:0
BRH:0
FNF:2
FNH:0
end_of_record
SF:/Users/anjolaoluwaakindipe/Code/projects/csharp/Learning/src/Vensy.Application/Common/Error/UnauthorizedError.cs
FN:7,System.Void Vensy.Application.Common.Error.UnauthorizedError::.ctor(System.String)
FNDA:0,System.Void Vensy.Application.Common.Error.UnauthorizedError::.ctor(System.String)
DA:8,0
DA:9,0
DA:10,0
LF:3
LH:0
BRF:0
BRH:0
FNF:1
FNH:0
end_of_record
SF:/Users/anjolaoluwaakindipe/Code/projects/csharp/Learning/src/Vensy.Application/Common/Error/ValidationError.cs
FN:8,System.Void Vensy.Application.Common.Error.ValidationError`1::.ctor(System.String)
FNDA:0,System.Void Vensy.Application.Common.Error.ValidationError`1::.ctor(System.String)
DA:9,0
DA:10,0
DA:11,0
LF:3
LH:0
BRF:0
BRH:0
FNF:1
FNH:0
end_of_record
SF:/Users/anjolaoluwaakindipe/Code/projects/csharp/Learning/src/Vensy.Application/Common/Error/AppError.cs
FN:23,System.Net.HttpStatusCode Vensy.Application.Interfaces.ServiceException`1::get_Status()
FNDA:0,System.Net.HttpStatusCode Vensy.Application.Interfaces.ServiceException`1::get_Status()
DA:24,0
FN:25,T Vensy.Application.Interfaces.ServiceException`1::get_ErrorDescription()
FNDA:0,T Vensy.Application.Interfaces.ServiceException`1::get_ErrorDescription()
DA:26,0
FN:7,System.Void Vensy.Application.Interfaces.ServiceException`1::.ctor(System.String,System.Net.HttpStatusCode)
FNDA:0,System.Void Vensy.Application.Interfaces.ServiceException`1::.ctor(System.String,System.Net.HttpStatusCode)
DA:8,0
DA:9,0
DA:10,0
DA:11,0
FN:12,System.Void Vensy.Application.Interfaces.ServiceException`1::.ctor(System.String,System.Exception,System.Net.HttpStatusCode)
FNDA:0,System.Void Vensy.Application.Interfaces.ServiceException`1::.ctor(System.String,System.Exception,System.Net.HttpStatusCode)
DA:13,0
DA:14,0
DA:15,0
DA:16,0
FN:17,System.Void Vensy.Application.Interfaces.ServiceException`1::.ctor(System.String,T,System.Net.HttpStatusCode)
FNDA:0,System.Void Vensy.Application.Interfaces.ServiceException`1::.ctor(System.String,T,System.Net.HttpStatusCode)
DA:18,0
DA:19,0
DA:20,0
DA:21,0
DA:22,0
LF:15
LH:0
BRF:0
BRH:0
FNF:5
FNH:0
end_of_record
SF:/Users/anjolaoluwaakindipe/Code/projects/csharp/Learning/src/Vensy.Application/Authentication/Common/AuthenticationResult.cs
FN:3,System.String Vensy.Application.Authentication.Common.AuthenticationResult::get_AccessToken()
FNDA:0,System.String Vensy.Application.Authentication.Common.AuthenticationResult::get_AccessToken()
DA:4,0
FN:4,System.String Vensy.Application.Authentication.Common.AuthenticationResult::get_Email()
FNDA:0,System.String Vensy.Application.Authentication.Common.AuthenticationResult::get_Email()
DA:5,0
FN:5,System.String Vensy.Application.Authentication.Common.AuthenticationResult::get_Firstname()
FNDA:0,System.String Vensy.Application.Authentication.Common.AuthenticationResult::get_Firstname()
DA:6,0
FN:6,System.String Vensy.Application.Authentication.Common.AuthenticationResult::get_Lastname()
FNDA:0,System.String Vensy.Application.Authentication.Common.AuthenticationResult::get_Lastname()
DA:7,0
FN:2,System.Void Vensy.Application.Authentication.Common.AuthenticationResult::.ctor(System.String,System.String,System.String,System.String)
FNDA:0,System.Void Vensy.Application.Authentication.Common.AuthenticationResult::.ctor(System.String,System.String,System.String,System.String)
DA:3,0
DA:8,0
LF:6
LH:0
BRF:0
BRH:0
FNF:5
FNH:0
end_of_record
SF:/Users/anjolaoluwaakindipe/Code/projects/csharp/Learning/src/Vensy.Application/Authentication/Common/LoginQuery.cs
FN:3,System.String Vensy.Application.Authentication.Common.LoginQuery::get_Email()
FNDA:0,System.String Vensy.Application.Authentication.Common.LoginQuery::get_Email()
DA:4,0
LF:1
LH:0
BRF:0
BRH:0
FNF:1
FNH:0
end_of_record
SF:/Users/anjolaoluwaakindipe/Code/projects/csharp/Learning/src/Vensy.Application/Authentication/Common/RegisterResult.cs
FN:3,System.String Vensy.Application.Authentication.Common.RegisterResult::get_Message()
FNDA:3,System.String Vensy.Application.Authentication.Common.RegisterResult::get_Message()
DA:4,3
LF:1
LH:1
BRF:0
BRH:0
FNF:1
FNH:1
end_of_record
SF:/Users/anjolaoluwaakindipe/Code/projects/csharp/Learning/src/Vensy.Application/Authentication/Commands/RegisterCommand.cs
FN:6,System.String Vensy.Application.Authentication.Commands.RegisterCommand::get_Email()
FNDA:55,System.String Vensy.Application.Authentication.Commands.RegisterCommand::get_Email()
DA:7,55
LF:1
LH:1
BRF:0
BRH:0
FNF:1
FNH:1
end_of_record
SF:/Users/anjolaoluwaakindipe/Code/projects/csharp/Learning/src/Vensy.Application/Authentication/Commands/RegisterCommandHandler.cs
FN:13,System.Void Vensy.Application.Authentication.Commands.RegisterCommandHandler::.ctor(Microsoft.AspNetCore.Identity.UserManager`1<Vensy.Domain.Models.User>)
FNDA:3,System.Void Vensy.Application.Authentication.Commands.RegisterCommandHandler::.ctor(Microsoft.AspNetCore.Identity.UserManager`1<Vensy.Domain.Models.User>)
DA:14,3
DA:15,3
DA:16,3
DA:17,3
FN:33,ErrorOr.Error Vensy.Application.Authentication.Commands.RegisterCommandHandler/<>c::<Handle>b__2_0(Microsoft.AspNetCore.Identity.IdentityError)
FNDA:3,ErrorOr.Error Vensy.Application.Authentication.Commands.RegisterCommandHandler/<>c::<Handle>b__2_0(Microsoft.AspNetCore.Identity.IdentityError)
DA:34,3
FN:19,System.Void Vensy.Application.Authentication.Commands.RegisterCommandHandler/<Handle>d__2::MoveNext()
FNDA:3,System.Void Vensy.Application.Authentication.Commands.RegisterCommandHandler/<Handle>d__2::MoveNext()
DA:20,3
DA:21,3
DA:23,3
DA:24,1
DA:25,1
DA:28,2
DA:29,2
DA:30,2
DA:32,2
DA:33,1
DA:37,1
DA:39,3
BRDA:23,180,0,1
BRDA:23,180,1,2
BRDA:32,482,0,1
BRDA:32,482,1,1
LF:17
LH:17
BRF:4
BRH:4
FNF:3
FNH:3
end_of_record
SF:/Users/anjolaoluwaakindipe/Code/projects/csharp/Learning/src/Vensy.Domain/Models/Appointment.cs
FN:6,System.Int32 Vensy.Domain.Models.Appointment::get_Id()
FNDA:0,System.Int32 Vensy.Domain.Models.Appointment::get_Id()
DA:7,0
FN:8,System.String Vensy.Domain.Models.Appointment::get_CustomerEmail()
FNDA:0,System.String Vensy.Domain.Models.Appointment::get_CustomerEmail()
DA:9,0
FN:9,System.String Vensy.Domain.Models.Appointment::get_CustomerPhone()
FNDA:0,System.String Vensy.Domain.Models.Appointment::get_CustomerPhone()
DA:10,0
FN:11,System.DateTime Vensy.Domain.Models.Appointment::get_StartTime()
FNDA:0,System.DateTime Vensy.Domain.Models.Appointment::get_StartTime()
DA:12,0
FN:13,System.DateTime Vensy.Domain.Models.Appointment::get_EndTime()
FNDA:0,System.DateTime Vensy.Domain.Models.Appointment::get_EndTime()
DA:14,0
FN:15,System.Int32 Vensy.Domain.Models.Appointment::get_VenueId()
FNDA:0,System.Int32 Vensy.Domain.Models.Appointment::get_VenueId()
DA:16,0
FN:17,Vensy.Domain.Models.Venue Vensy.Domain.Models.Appointment::get_Venue()
FNDA:0,Vensy.Domain.Models.Venue Vensy.Domain.Models.Appointment::get_Venue()
DA:18,0
LF:7
LH:0
BRF:0
BRH:0
FNF:7
FNH:0
end_of_record
SF:/Users/anjolaoluwaakindipe/Code/projects/csharp/Learning/src/Vensy.Domain/Models/Company.cs
FN:3,System.Int32 Vensy.Domain.Models.Company::get_Id()
FNDA:0,System.Int32 Vensy.Domain.Models.Company::get_Id()
DA:4,0
FN:4,System.String Vensy.Domain.Models.Company::get_Name()
FNDA:0,System.String Vensy.Domain.Models.Company::get_Name()
DA:5,0
FN:5,System.String Vensy.Domain.Models.Company::get_Email()
FNDA:0,System.String Vensy.Domain.Models.Company::get_Email()
DA:6,0
FN:7,System.String Vensy.Domain.Models.Company::get_Phone()
FNDA:0,System.String Vensy.Domain.Models.Company::get_Phone()
DA:8,0
FN:9,System.String Vensy.Domain.Models.Company::get_Address()
FNDA:0,System.String Vensy.Domain.Models.Company::get_Address()
DA:10,0
FN:11,System.Int32 Vensy.Domain.Models.Company::get_UserId()
FNDA:0,System.Int32 Vensy.Domain.Models.Company::get_UserId()
DA:12,0
FN:13,Vensy.Domain.Models.User Vensy.Domain.Models.Company::get_User()
FNDA:0,Vensy.Domain.Models.User Vensy.Domain.Models.Company::get_User()
DA:14,0
FN:16,System.Collections.Generic.List`1<Vensy.Domain.Models.Venue> Vensy.Domain.Models.Company::get_Venues()
FNDA:0,System.Collections.Generic.List`1<Vensy.Domain.Models.Venue> Vensy.Domain.Models.Company::get_Venues()
DA:17,0
FN:20,System.String Vensy.Domain.Models.Company::ToString()
FNDA:0,System.String Vensy.Domain.Models.Company::ToString()
DA:21,0
DA:22,0
DA:23,0
DA:24,0
DA:26,0
DA:27,0
LF:14
LH:0
BRF:0
BRH:0
FNF:9
FNH:0
end_of_record
SF:/Users/anjolaoluwaakindipe/Code/projects/csharp/Learning/src/Vensy.Domain/Models/User.cs
FN:7,System.String Vensy.Domain.Models.User::get_Firstname()
FNDA:20,System.String Vensy.Domain.Models.User::get_Firstname()
DA:8,20
FN:9,System.Collections.Generic.List`1<Vensy.Domain.Models.Company> Vensy.Domain.Models.User::get_Companies()
FNDA:5,System.Collections.Generic.List`1<Vensy.Domain.Models.Company> Vensy.Domain.Models.User::get_Companies()
DA:10,5
LF:2
LH:2
BRF:0
BRH:0
FNF:2
FNH:2
end_of_record
SF:/Users/anjolaoluwaakindipe/Code/projects/csharp/Learning/src/Vensy.Domain/Models/Venue.cs
FN:4,System.Int32 Vensy.Domain.Models.Venue::get_VenueId()
FNDA:0,System.Int32 Vensy.Domain.Models.Venue::get_VenueId()
DA:5,0
FN:6,System.String Vensy.Domain.Models.Venue::get_Name()
FNDA:0,System.String Vensy.Domain.Models.Venue::get_Name()
DA:7,0
FN:8,System.String Vensy.Domain.Models.Venue::get_Email()
FNDA:0,System.String Vensy.Domain.Models.Venue::get_Email()
DA:9,0
FN:10,System.String Vensy.Domain.Models.Venue::get_Phone()
FNDA:0,System.String Vensy.Domain.Models.Venue::get_Phone()
DA:11,0
FN:12,System.String Vensy.Domain.Models.Venue::get_Address()
FNDA:0,System.String Vensy.Domain.Models.Venue::get_Address()
DA:13,0
FN:14,System.Int32 Vensy.Domain.Models.Venue::get_CompanyId()
FNDA:0,System.Int32 Vensy.Domain.Models.Venue::get_CompanyId()
DA:15,0
FN:16,Vensy.Domain.Models.Company Vensy.Domain.Models.Venue::get_Company()
FNDA:0,Vensy.Domain.Models.Company Vensy.Domain.Models.Venue::get_Company()
DA:17,0
FN:18,System.Int32 Vensy.Domain.Models.Venue::get_Capacity()
FNDA:0,System.Int32 Vensy.Domain.Models.Venue::get_Capacity()
DA:19,0
FN:20,System.Collections.Generic.List`1<Vensy.Domain.Models.Appointment> Vensy.Domain.Models.Venue::get_Appointments()
FNDA:0,System.Collections.Generic.List`1<Vensy.Domain.Models.Appointment> Vensy.Domain.Models.Venue::get_Appointments()
DA:21,0
LF:9
LH:0
BRF:0
BRH:0
FNF:9
FNH:0
end_of_record